This file contains any messages produced by compilers while
running configure, to aid debugging if configure makes a mistake.

It was created by vectest configure 1.0, which was
generated by GNU Autoconf 2.63.  Invocation command line was

  $ ./configure 

## --------- ##
## Platform. ##
## --------- ##

hostname = chuck.tchpc.tcd.ie
uname -m = x86_64
uname -r = 2.6.32-504.3.3.el6.x86_64
uname -s = Linux
uname -v = #1 SMP Tue Dec 16 14:29:22 CST 2014

/usr/bin/uname -p = unknown
/bin/uname -X     = unknown

/bin/arch              = x86_64
/usr/bin/arch -k       = unknown
/usr/convex/getsysinfo = unknown
/usr/bin/hostinfo      = unknown
/bin/machine           = unknown
/usr/bin/oslevel       = unknown
/bin/universe          = unknown

PATH: /usr/lib64/qt-3.3/bin
PATH: /usr/local/bin
PATH: /usr/bin
PATH: /bin
PATH: /usr/local/sbin
PATH: /usr/sbin
PATH: /sbin
PATH: /opt/dell/srvadmin/bin
PATH: /home/users/mschpc/2014/purdyd/bin


## ----------- ##
## Core tests. ##
## ----------- ##

configure:1827: checking for a BSD-compatible install
configure:1895: result: /usr/bin/install -c
configure:1906: checking whether build environment is sane
configure:1966: result: yes
configure:2107: checking for a thread-safe mkdir -p
configure:2146: result: /bin/mkdir -p
configure:2159: checking for gawk
configure:2175: found /usr/bin/gawk
configure:2186: result: gawk
configure:2197: checking whether make sets $(MAKE)
configure:2219: result: yes
configure:2359: checking for g++
configure:2375: found /usr/bin/g++
configure:2386: result: g++
configure:2413: checking for C++ compiler version
configure:2421: g++ --version >&5
g++ (GCC) 4.4.7 20120313 (Red Hat 4.4.7-11)
Copyright (C) 2010 Free Software Foundation, Inc.
This is free software; see the source for copying conditions.  There is NO
warranty; not even for MERCHANTABILITY or FITNESS FOR A PARTICULAR PURPOSE.

configure:2425: $? = 0
configure:2432: g++ -v >&5
Using built-in specs.
Target: x86_64-redhat-linux
Configured with: ../configure --prefix=/usr --mandir=/usr/share/man --infodir=/usr/share/info --with-bugurl=http://bugzilla.redhat.com/bugzilla --enable-bootstrap --enable-shared --enable-threads=posix --enable-checking=release --with-system-zlib --enable-__cxa_atexit --disable-libunwind-exceptions --enable-gnu-unique-object --enable-languages=c,c++,objc,obj-c++,java,fortran,ada --enable-java-awt=gtk --disable-dssi --with-java-home=/usr/lib/jvm/java-1.5.0-gcj-1.5.0.0/jre --enable-libgcj-multifile --enable-java-maintainer-mode --with-ecj-jar=/usr/share/java/eclipse-ecj.jar --disable-libjava-multilib --with-ppl --with-cloog --with-tune=generic --with-arch_32=i686 --build=x86_64-redhat-linux
Thread model: posix
gcc version 4.4.7 20120313 (Red Hat 4.4.7-11) (GCC) 
configure:2436: $? = 0
configure:2443: g++ -V >&5
g++: '-V' option must have argument
configure:2447: $? = 1
configure:2470: checking for C++ compiler default output file name
configure:2492: g++    conftest.cpp  >&5
configure:2496: $? = 0
configure:2534: result: a.out
configure:2553: checking whether the C++ compiler works
configure:2563: ./a.out
configure:2567: $? = 0
configure:2586: result: yes
configure:2593: checking whether we are cross compiling
configure:2595: result: no
configure:2598: checking for suffix of executables
configure:2605: g++ -o conftest    conftest.cpp  >&5
configure:2609: $? = 0
configure:2635: result: 
configure:2641: checking for suffix of object files
configure:2667: g++ -c   conftest.cpp >&5
configure:2671: $? = 0
configure:2696: result: o
configure:2700: checking whether we are using the GNU C++ compiler
configure:2729: g++ -c   conftest.cpp >&5
configure:2736: $? = 0
configure:2753: result: yes
configure:2762: checking whether g++ accepts -g
configure:2792: g++ -c -g  conftest.cpp >&5
configure:2799: $? = 0
configure:2900: result: yes
configure:2934: checking for style of include used by make
configure:2962: result: GNU
configure:2987: checking dependency style of g++
configure:3097: result: gcc3
configure:3274: creating ./config.status

## ---------------------- ##
## Running config.status. ##
## ---------------------- ##

This file was extended by vectest config.status 1.0, which was
generated by GNU Autoconf 2.63.  Invocation command line was

  CONFIG_FILES    = 
  CONFIG_HEADERS  = 
  CONFIG_LINKS    = 
  CONFIG_COMMANDS = 
  $ ./config.status 

on chuck.tchpc.tcd.ie

config.status:689: creating Makefile
config.status:900: executing depfiles commands

## ---------------- ##
## Cache variables. ##
## ---------------- ##

ac_cv_cxx_compiler_gnu=yes
ac_cv_env_CCC_set=
ac_cv_env_CCC_value=
ac_cv_env_CPPFLAGS_set=
ac_cv_env_CPPFLAGS_value=
ac_cv_env_CXXFLAGS_set=
ac_cv_env_CXXFLAGS_value=
ac_cv_env_CXX_set=
ac_cv_env_CXX_value=
ac_cv_env_LDFLAGS_set=
ac_cv_env_LDFLAGS_value=
ac_cv_env_LIBS_set=
ac_cv_env_LIBS_value=
ac_cv_env_build_alias_set=
ac_cv_env_build_alias_value=
ac_cv_env_host_alias_set=
ac_cv_env_host_alias_value=
ac_cv_env_target_alias_set=
ac_cv_env_target_alias_value=
ac_cv_objext=o
ac_cv_path_install='/usr/bin/install -c'
ac_cv_path_mkdir=/bin/mkdir
ac_cv_prog_AWK=gawk
ac_cv_prog_ac_ct_CXX=g++
ac_cv_prog_cxx_g=yes
ac_cv_prog_make_make_set=yes
am_cv_CXX_dependencies_compiler_type=gcc3

## ----------------- ##
## Output variables. ##
## ----------------- ##

ACLOCAL='${SHELL} /home/users/mschpc/2014/purdyd/CPLUS/Assignment_2/Assignment_2/missing --run aclocal-1.11'
AMDEPBACKSLASH='\'
AMDEP_FALSE='#'
AMDEP_TRUE=''
AMTAR='${SHELL} /home/users/mschpc/2014/purdyd/CPLUS/Assignment_2/Assignment_2/missing --run tar'
AUTOCONF='${SHELL} /home/users/mschpc/2014/purdyd/CPLUS/Assignment_2/Assignment_2/missing --run autoconf'
AUTOHEADER='${SHELL} /home/users/mschpc/2014/purdyd/CPLUS/Assignment_2/Assignment_2/missing --run autoheader'
AUTOMAKE='${SHELL} /home/users/mschpc/2014/purdyd/CPLUS/Assignment_2/Assignment_2/missing --run automake-1.11'
AWK='gawk'
CPPFLAGS=''
CXX='g++'
CXXDEPMODE='depmode=gcc3'
CXXFLAGS='-g -O2'
CYGPATH_W='echo'
DEFS='-DPACKAGE_NAME=\"vectest\" -DPACKAGE_TARNAME=\"vectest\" -DPACKAGE_VERSION=\"1.0\" -DPACKAGE_STRING=\"vectest\ 1.0\" -DPACKAGE_BUGREPORT=\"\" -DPACKAGE=\"vectest\" -DVERSION=\"1.0\"'
DEPDIR='.deps'
ECHO_C=''
ECHO_N='-n'
ECHO_T=''
EXEEXT=''
INSTALL_DATA='${INSTALL} -m 644'
INSTALL_PROGRAM='${INSTALL}'
INSTALL_SCRIPT='${INSTALL}'
INSTALL_STRIP_PROGRAM='$(install_sh) -c -s'
LDFLAGS=''
LIBOBJS=''
LIBS=''
LTLIBOBJS=''
MAKEINFO='${SHELL} /home/users/mschpc/2014/purdyd/CPLUS/Assignment_2/Assignment_2/missing --run makeinfo'
MKDIR_P='/bin/mkdir -p'
OBJEXT='o'
PACKAGE='vectest'
PACKAGE_BUGREPORT=''
PACKAGE_NAME='vectest'
PACKAGE_STRING='vectest 1.0'
PACKAGE_TARNAME='vectest'
PACKAGE_VERSION='1.0'
PATH_SEPARATOR=':'
SET_MAKE=''
SHELL='/bin/sh'
STRIP=''
VERSION='1.0'
ac_ct_CXX='g++'
am__EXEEXT_FALSE=''
am__EXEEXT_TRUE='#'
am__fastdepCXX_FALSE='#'
am__fastdepCXX_TRUE=''
am__include='include'
am__isrc=''
am__leading_dot='.'
am__quote=''
am__tar='${AMTAR} chof - "$$tardir"'
am__untar='${AMTAR} xf -'
bindir='${exec_prefix}/bin'
build_alias=''
datadir='${datarootdir}'
datarootdir='${prefix}/share'
docdir='${datarootdir}/doc/${PACKAGE_TARNAME}'
dvidir='${docdir}'
exec_prefix='${prefix}'
host_alias=''
htmldir='${docdir}'
includedir='${prefix}/include'
infodir='${datarootdir}/info'
install_sh='${SHELL} /home/users/mschpc/2014/purdyd/CPLUS/Assignment_2/Assignment_2/install-sh'
libdir='${exec_prefix}/lib'
libexecdir='${exec_prefix}/libexec'
localedir='${datarootdir}/locale'
localstatedir='${prefix}/var'
mandir='${datarootdir}/man'
mkdir_p='/bin/mkdir -p'
oldincludedir='/usr/include'
pdfdir='${docdir}'
prefix='/usr/local'
program_transform_name='s,x,x,'
psdir='${docdir}'
sbindir='${exec_prefix}/sbin'
sharedstatedir='${prefix}/com'
sysconfdir='${prefix}/etc'
target_alias=''

## ----------- ##
## confdefs.h. ##
## ----------- ##

#define PACKAGE_NAME "vectest"
#define PACKAGE_TARNAME "vectest"
#define PACKAGE_VERSION "1.0"
#define PACKAGE_STRING "vectest 1.0"
#define PACKAGE_BUGREPORT ""
#define PACKAGE "vectest"
#define VERSION "1.0"

configure: exit 0
